2019/03/26 00:21:46 [error] [exception.CDbException] CDbException: CDbConnection.connectionString cannot be empty. in C:\UwAmp\www\EMSystem\framework\db\CDbConnection.php:370
Stack trace:
#0 C:\UwAmp\www\EMSystem\framework\db\CDbConnection.php(330): CDbConnection->open()
#1 C:\UwAmp\www\EMSystem\framework\db\CDbConnection.php(308): CDbConnection->setActive(true)
#2 C:\UwAmp\www\EMSystem\framework\base\CModule.php(387): CDbConnection->init()
#3 C:\UwAmp\www\EMSystem\framework\base\CModule.php(103): CModule->getComponent('db')
#4 C:\UwAmp\www\EMSystem\framework\gii\generators\model\ModelCode.php(60): CModule->__get('db')
#5 C:\UwAmp\www\EMSystem\framework\web\CFormModel.php(39): ModelCode->init()
#6 C:\UwAmp\www\EMSystem\framework\gii\CCodeGenerator.php(153): CFormModel->__construct()
#7 C:\UwAmp\www\EMSystem\framework\gii\CCodeGenerator.php(63): CCodeGenerator->prepare()
#8 C:\UwAmp\www\EMSystem\framework\web\actions\CInlineAction.php(49): CCodeGenerator->actionIndex()
#9 C:\UwAmp\www\EMSystem\framework\web\CController.php(308): CInlineAction->runWithParams(Array)
#10 C:\UwAmp\www\EMSystem\framework\web\CController.php(286): CController->runAction(Object(CInlineAction))
#11 C:\UwAmp\www\EMSystem\framework\web\CController.php(265): CController->runActionWithFilters(Object(CInlineAction), Array)
#12 C:\UwAmp\www\EMSystem\framework\web\CWebApplication.php(282): CController->run('index')
#13 C:\UwAmp\www\EMSystem\framework\web\CWebApplication.php(141): CWebApplication->runController('gii/model/index')
#14 C:\UwAmp\www\EMSystem\framework\base\CApplication.php(180): CWebApplication->processRequest()
#15 C:\UwAmp\www\orderapp\index.php(13): CApplication->run()
#16 {main}
REQUEST_URI=/orderapp/index.php/gii/model/index
HTTP_REFERER=http://localhost/orderapp/index.php/gii/controller/index
---
2019/03/26 00:22:06 [error] [exception.CDbException] CDbException: CDbConnection.connectionString cannot be empty. in C:\UwAmp\www\EMSystem\framework\db\CDbConnection.php:370
Stack trace:
#0 C:\UwAmp\www\EMSystem\framework\db\CDbConnection.php(330): CDbConnection->open()
#1 C:\UwAmp\www\EMSystem\framework\db\CDbConnection.php(308): CDbConnection->setActive(true)
#2 C:\UwAmp\www\EMSystem\framework\base\CModule.php(387): CDbConnection->init()
#3 C:\UwAmp\www\EMSystem\framework\base\CModule.php(103): CModule->getComponent('db')
#4 C:\UwAmp\www\EMSystem\framework\gii\generators\model\ModelCode.php(60): CModule->__get('db')
#5 C:\UwAmp\www\EMSystem\framework\web\CFormModel.php(39): ModelCode->init()
#6 C:\UwAmp\www\EMSystem\framework\gii\CCodeGenerator.php(153): CFormModel->__construct()
#7 C:\UwAmp\www\EMSystem\framework\gii\CCodeGenerator.php(63): CCodeGenerator->prepare()
#8 C:\UwAmp\www\EMSystem\framework\web\actions\CInlineAction.php(49): CCodeGenerator->actionIndex()
#9 C:\UwAmp\www\EMSystem\framework\web\CController.php(308): CInlineAction->runWithParams(Array)
#10 C:\UwAmp\www\EMSystem\framework\web\CController.php(286): CController->runAction(Object(CInlineAction))
#11 C:\UwAmp\www\EMSystem\framework\web\CController.php(265): CController->runActionWithFilters(Object(CInlineAction), Array)
#12 C:\UwAmp\www\EMSystem\framework\web\CWebApplication.php(282): CController->run('index')
#13 C:\UwAmp\www\EMSystem\framework\web\CWebApplication.php(141): CWebApplication->runController('gii/model/index')
#14 C:\UwAmp\www\EMSystem\framework\base\CApplication.php(180): CWebApplication->processRequest()
#15 C:\UwAmp\www\orderapp\index.php(13): CApplication->run()
#16 {main}
REQUEST_URI=/orderapp/index.php/gii/model/index
HTTP_REFERER=http://localhost/orderapp/index.php/gii/controller/index
---
2019/03/26 00:22:08 [error] [exception.CDbException] CDbException: CDbConnection.connectionString cannot be empty. in C:\UwAmp\www\EMSystem\framework\db\CDbConnection.php:370
Stack trace:
#0 C:\UwAmp\www\EMSystem\framework\db\CDbConnection.php(330): CDbConnection->open()
#1 C:\UwAmp\www\EMSystem\framework\db\CDbConnection.php(308): CDbConnection->setActive(true)
#2 C:\UwAmp\www\EMSystem\framework\base\CModule.php(387): CDbConnection->init()
#3 C:\UwAmp\www\EMSystem\framework\base\CModule.php(103): CModule->getComponent('db')
#4 C:\UwAmp\www\EMSystem\framework\gii\generators\model\ModelCode.php(60): CModule->__get('db')
#5 C:\UwAmp\www\EMSystem\framework\web\CFormModel.php(39): ModelCode->init()
#6 C:\UwAmp\www\EMSystem\framework\gii\CCodeGenerator.php(153): CFormModel->__construct()
#7 C:\UwAmp\www\EMSystem\framework\gii\CCodeGenerator.php(63): CCodeGenerator->prepare()
#8 C:\UwAmp\www\EMSystem\framework\web\actions\CInlineAction.php(49): CCodeGenerator->actionIndex()
#9 C:\UwAmp\www\EMSystem\framework\web\CController.php(308): CInlineAction->runWithParams(Array)
#10 C:\UwAmp\www\EMSystem\framework\web\CController.php(286): CController->runAction(Object(CInlineAction))
#11 C:\UwAmp\www\EMSystem\framework\web\CController.php(265): CController->runActionWithFilters(Object(CInlineAction), Array)
#12 C:\UwAmp\www\EMSystem\framework\web\CWebApplication.php(282): CController->run('index')
#13 C:\UwAmp\www\EMSystem\framework\web\CWebApplication.php(141): CWebApplication->runController('gii/model/index')
#14 C:\UwAmp\www\EMSystem\framework\base\CApplication.php(180): CWebApplication->processRequest()
#15 C:\UwAmp\www\orderapp\index.php(13): CApplication->run()
#16 {main}
REQUEST_URI=/orderapp/index.php/gii/model/index
HTTP_REFERER=http://localhost/orderapp/index.php/gii/controller/index
---
2019/03/26 00:22:08 [error] [exception.CDbException] CDbException: CDbConnection.connectionString cannot be empty. in C:\UwAmp\www\EMSystem\framework\db\CDbConnection.php:370
Stack trace:
#0 C:\UwAmp\www\EMSystem\framework\db\CDbConnection.php(330): CDbConnection->open()
#1 C:\UwAmp\www\EMSystem\framework\db\CDbConnection.php(308): CDbConnection->setActive(true)
#2 C:\UwAmp\www\EMSystem\framework\base\CModule.php(387): CDbConnection->init()
#3 C:\UwAmp\www\EMSystem\framework\base\CModule.php(103): CModule->getComponent('db')
#4 C:\UwAmp\www\EMSystem\framework\gii\generators\model\ModelCode.php(60): CModule->__get('db')
#5 C:\UwAmp\www\EMSystem\framework\web\CFormModel.php(39): ModelCode->init()
#6 C:\UwAmp\www\EMSystem\framework\gii\CCodeGenerator.php(153): CFormModel->__construct()
#7 C:\UwAmp\www\EMSystem\framework\gii\CCodeGenerator.php(63): CCodeGenerator->prepare()
#8 C:\UwAmp\www\EMSystem\framework\web\actions\CInlineAction.php(49): CCodeGenerator->actionIndex()
#9 C:\UwAmp\www\EMSystem\framework\web\CController.php(308): CInlineAction->runWithParams(Array)
#10 C:\UwAmp\www\EMSystem\framework\web\CController.php(286): CController->runAction(Object(CInlineAction))
#11 C:\UwAmp\www\EMSystem\framework\web\CController.php(265): CController->runActionWithFilters(Object(CInlineAction), Array)
#12 C:\UwAmp\www\EMSystem\framework\web\CWebApplication.php(282): CController->run('index')
#13 C:\UwAmp\www\EMSystem\framework\web\CWebApplication.php(141): CWebApplication->runController('gii/model/index')
#14 C:\UwAmp\www\EMSystem\framework\base\CApplication.php(180): CWebApplication->processRequest()
#15 C:\UwAmp\www\orderapp\index.php(13): CApplication->run()
#16 {main}
REQUEST_URI=/orderapp/index.php/gii/model/index
HTTP_REFERER=http://localhost/orderapp/index.php/gii/controller/index
---
2019/03/26 00:22:08 [error] [exception.CDbException] CDbException: CDbConnection.connectionString cannot be empty. in C:\UwAmp\www\EMSystem\framework\db\CDbConnection.php:370
Stack trace:
#0 C:\UwAmp\www\EMSystem\framework\db\CDbConnection.php(330): CDbConnection->open()
#1 C:\UwAmp\www\EMSystem\framework\db\CDbConnection.php(308): CDbConnection->setActive(true)
#2 C:\UwAmp\www\EMSystem\framework\base\CModule.php(387): CDbConnection->init()
#3 C:\UwAmp\www\EMSystem\framework\base\CModule.php(103): CModule->getComponent('db')
#4 C:\UwAmp\www\EMSystem\framework\gii\generators\model\ModelCode.php(60): CModule->__get('db')
#5 C:\UwAmp\www\EMSystem\framework\web\CFormModel.php(39): ModelCode->init()
#6 C:\UwAmp\www\EMSystem\framework\gii\CCodeGenerator.php(153): CFormModel->__construct()
#7 C:\UwAmp\www\EMSystem\framework\gii\CCodeGenerator.php(63): CCodeGenerator->prepare()
#8 C:\UwAmp\www\EMSystem\framework\web\actions\CInlineAction.php(49): CCodeGenerator->actionIndex()
#9 C:\UwAmp\www\EMSystem\framework\web\CController.php(308): CInlineAction->runWithParams(Array)
#10 C:\UwAmp\www\EMSystem\framework\web\CController.php(286): CController->runAction(Object(CInlineAction))
#11 C:\UwAmp\www\EMSystem\framework\web\CController.php(265): CController->runActionWithFilters(Object(CInlineAction), Array)
#12 C:\UwAmp\www\EMSystem\framework\web\CWebApplication.php(282): CController->run('index')
#13 C:\UwAmp\www\EMSystem\framework\web\CWebApplication.php(141): CWebApplication->runController('gii/model/index')
#14 C:\UwAmp\www\EMSystem\framework\base\CApplication.php(180): CWebApplication->processRequest()
#15 C:\UwAmp\www\orderapp\index.php(13): CApplication->run()
#16 {main}
REQUEST_URI=/orderapp/index.php/gii/model/index
HTTP_REFERER=http://localhost/orderapp/index.php/gii/controller/index
---
2019/03/26 00:22:26 [error] [exception.CException] CException: Object configuration must be an array containing a "class" element. in C:\UwAmp\www\EMSystem\framework\YiiBase.php:193
Stack trace:
#0 C:\UwAmp\www\EMSystem\framework\base\CModule.php(386): YiiBase::createComponent(Array)
#1 C:\UwAmp\www\EMSystem\framework\gii\generators\model\ModelCode.php(428): CModule->getComponent('odb')
#2 C:\UwAmp\www\EMSystem\framework\validators\CInlineValidator.php(42): ModelCode->validateConnectionId('connectionId', Array)
#3 C:\UwAmp\www\EMSystem\framework\validators\CValidator.php(213): CInlineValidator->validateAttribute(Object(ModelCode), 'connectionId')
#4 C:\UwAmp\www\EMSystem\framework\base\CModel.php(159): CValidator->validate(Object(ModelCode), Array)
#5 C:\UwAmp\www\EMSystem\framework\gii\CCodeGenerator.php(159): CModel->validate()
#6 C:\UwAmp\www\EMSystem\framework\gii\CCodeGenerator.php(63): CCodeGenerator->prepare()
#7 C:\UwAmp\www\EMSystem\framework\web\actions\CInlineAction.php(49): CCodeGenerator->actionIndex()
#8 C:\UwAmp\www\EMSystem\framework\web\CController.php(308): CInlineAction->runWithParams(Array)
#9 C:\UwAmp\www\EMSystem\framework\web\CController.php(286): CController->runAction(Object(CInlineAction))
#10 C:\UwAmp\www\EMSystem\framework\web\CController.php(265): CController->runActionWithFilters(Object(CInlineAction), Array)
#11 C:\UwAmp\www\EMSystem\framework\web\CWebApplication.php(282): CController->run('index')
#12 C:\UwAmp\www\EMSystem\framework\web\CWebApplication.php(141): CWebApplication->runController('gii/model/index')
#13 C:\UwAmp\www\EMSystem\framework\base\CApplication.php(180): CWebApplication->processRequest()
#14 C:\UwAmp\www\orderapp\index.php(13): CApplication->run()
#15 {main}
REQUEST_URI=/orderapp/index.php/gii/model/index
HTTP_REFERER=http://localhost/orderapp/index.php/gii/model/index
---
2019/03/26 00:22:26 [error] [exception.CException] CException: Object configuration must be an array containing a "class" element. in C:\UwAmp\www\EMSystem\framework\YiiBase.php:193
Stack trace:
#0 C:\UwAmp\www\EMSystem\framework\base\CModule.php(386): YiiBase::createComponent(Array)
#1 C:\UwAmp\www\EMSystem\framework\gii\generators\model\ModelGenerator.php(17): CModule->getComponent('odb')
#2 [internal function]: ModelGenerator->actionGetTableNames('odb')
#3 C:\UwAmp\www\EMSystem\framework\web\actions\CAction.php(108): ReflectionMethod->invokeArgs(Object(ModelGenerator), Array)
#4 C:\UwAmp\www\EMSystem\framework\web\actions\CInlineAction.php(47): CAction->runWithParamsInternal(Object(ModelGenerator), Object(ReflectionMethod), Array)
#5 C:\UwAmp\www\EMSystem\framework\web\CController.php(308): CInlineAction->runWithParams(Array)
#6 C:\UwAmp\www\EMSystem\framework\web\CController.php(286): CController->runAction(Object(CInlineAction))
#7 C:\UwAmp\www\EMSystem\framework\web\CController.php(265): CController->runActionWithFilters(Object(CInlineAction), Array)
#8 C:\UwAmp\www\EMSystem\framework\web\CWebApplication.php(282): CController->run('getTableNames')
#9 C:\UwAmp\www\EMSystem\framework\web\CWebApplication.php(141): CWebApplication->runController('gii/model/getTa...')
#10 C:\UwAmp\www\EMSystem\framework\base\CApplication.php(180): CWebApplication->processRequest()
#11 C:\UwAmp\www\orderapp\index.php(13): CApplication->run()
#12 {main}
REQUEST_URI=/orderapp/index.php/gii/model/getTableNames?db=odb
HTTP_REFERER=http://localhost/orderapp/index.php/gii/model/index
---
2019/03/26 00:23:13 [error] [exception.CDbException] CDbException: CDbConnection failed to open the DB connection: SQLSTATE[HY000] [1045] Access denied for user 'root'@'localhost' (using password: NO) in C:\UwAmp\www\EMSystem\framework\db\CDbConnection.php:382
Stack trace:
#0 C:\UwAmp\www\EMSystem\framework\db\CDbConnection.php(330): CDbConnection->open()
#1 C:\UwAmp\www\EMSystem\framework\db\CDbConnection.php(308): CDbConnection->setActive(true)
#2 C:\UwAmp\www\EMSystem\framework\base\CModule.php(387): CDbConnection->init()
#3 C:\UwAmp\www\EMSystem\framework\base\CModule.php(103): CModule->getComponent('db')
#4 C:\UwAmp\www\EMSystem\framework\gii\generators\model\ModelCode.php(60): CModule->__get('db')
#5 C:\UwAmp\www\EMSystem\framework\web\CFormModel.php(39): ModelCode->init()
#6 C:\UwAmp\www\EMSystem\framework\gii\CCodeGenerator.php(153): CFormModel->__construct()
#7 C:\UwAmp\www\EMSystem\framework\gii\CCodeGenerator.php(63): CCodeGenerator->prepare()
#8 C:\UwAmp\www\EMSystem\framework\web\actions\CInlineAction.php(49): CCodeGenerator->actionIndex()
#9 C:\UwAmp\www\EMSystem\framework\web\CController.php(308): CInlineAction->runWithParams(Array)
#10 C:\UwAmp\www\EMSystem\framework\web\CController.php(286): CController->runAction(Object(CInlineAction))
#11 C:\UwAmp\www\EMSystem\framework\web\CController.php(265): CController->runActionWithFilters(Object(CInlineAction), Array)
#12 C:\UwAmp\www\EMSystem\framework\web\CWebApplication.php(282): CController->run('index')
#13 C:\UwAmp\www\EMSystem\framework\web\CWebApplication.php(141): CWebApplication->runController('gii/model/index')
#14 C:\UwAmp\www\EMSystem\framework\base\CApplication.php(180): CWebApplication->processRequest()
#15 C:\UwAmp\www\orderapp\index.php(13): CApplication->run()
#16 {main}
REQUEST_URI=/orderapp/index.php/gii/model/index
HTTP_REFERER=http://localhost/orderapp/index.php/gii/controller/index
---
2019/03/26 12:55:05 [error] [exception.CHttpException.400] CHttpException: Your request is invalid. in C:\UwAmp\www\EMSystem\framework\web\CController.php:336
Stack trace:
#0 C:\UwAmp\www\EMSystem\framework\web\CController.php(309): CController->invalidActionParams(Object(CInlineAction))
#1 C:\UwAmp\www\EMSystem\framework\web\filters\CFilterChain.php(133): CController->runAction(Object(CInlineAction))
#2 C:\UwAmp\www\EMSystem\framework\web\filters\CFilter.php(40): CFilterChain->run()
#3 C:\UwAmp\www\EMSystem\framework\web\CController.php(1145): CFilter->filter(Object(CFilterChain))
#4 C:\UwAmp\www\EMSystem\framework\web\filters\CInlineFilter.php(58): CController->filterAccessControl(Object(CFilterChain))
#5 C:\UwAmp\www\EMSystem\framework\web\filters\CFilterChain.php(130): CInlineFilter->filter(Object(CFilterChain))
#6 C:\UwAmp\www\EMSystem\framework\web\CController.php(291): CFilterChain->run()
#7 C:\UwAmp\www\EMSystem\framework\web\CController.php(265): CController->runActionWithFilters(Object(CInlineAction), Array)
#8 C:\UwAmp\www\EMSystem\framework\web\CWebApplication.php(282): CController->run('view')
#9 C:\UwAmp\www\EMSystem\framework\web\CWebApplication.php(141): CWebApplication->runController('orders/view/abo...')
#10 C:\UwAmp\www\EMSystem\framework\base\CApplication.php(180): CWebApplication->processRequest()
#11 C:\UwAmp\www\orderapp\index.php(13): CApplication->run()
#12 {main}
REQUEST_URI=/orderapp/index.php/orders/view/about
HTTP_REFERER=http://localhost/orderapp/
---
2019/03/26 12:55:07 [error] [exception.CHttpException.400] CHttpException: Your request is invalid. in C:\UwAmp\www\EMSystem\framework\web\CController.php:336
Stack trace:
#0 C:\UwAmp\www\EMSystem\framework\web\CController.php(309): CController->invalidActionParams(Object(CInlineAction))
#1 C:\UwAmp\www\EMSystem\framework\web\filters\CFilterChain.php(133): CController->runAction(Object(CInlineAction))
#2 C:\UwAmp\www\EMSystem\framework\web\filters\CFilter.php(40): CFilterChain->run()
#3 C:\UwAmp\www\EMSystem\framework\web\CController.php(1145): CFilter->filter(Object(CFilterChain))
#4 C:\UwAmp\www\EMSystem\framework\web\filters\CInlineFilter.php(58): CController->filterAccessControl(Object(CFilterChain))
#5 C:\UwAmp\www\EMSystem\framework\web\filters\CFilterChain.php(130): CInlineFilter->filter(Object(CFilterChain))
#6 C:\UwAmp\www\EMSystem\framework\web\CController.php(291): CFilterChain->run()
#7 C:\UwAmp\www\EMSystem\framework\web\CController.php(265): CController->runActionWithFilters(Object(CInlineAction), Array)
#8 C:\UwAmp\www\EMSystem\framework\web\CWebApplication.php(282): CController->run('view')
#9 C:\UwAmp\www\EMSystem\framework\web\CWebApplication.php(141): CWebApplication->runController('itemlist/view/a...')
#10 C:\UwAmp\www\EMSystem\framework\base\CApplication.php(180): CWebApplication->processRequest()
#11 C:\UwAmp\www\orderapp\index.php(13): CApplication->run()
#12 {main}
REQUEST_URI=/orderapp/index.php/itemlist/view/about
HTTP_REFERER=http://localhost/orderapp/index.php/orders/view/about
---
2019/03/26 12:55:08 [error] [exception.CHttpException.400] CHttpException: Your request is invalid. in C:\UwAmp\www\EMSystem\framework\web\CController.php:336
Stack trace:
#0 C:\UwAmp\www\EMSystem\framework\web\CController.php(309): CController->invalidActionParams(Object(CInlineAction))
#1 C:\UwAmp\www\EMSystem\framework\web\filters\CFilterChain.php(133): CController->runAction(Object(CInlineAction))
#2 C:\UwAmp\www\EMSystem\framework\web\filters\CFilter.php(40): CFilterChain->run()
#3 C:\UwAmp\www\EMSystem\framework\web\CController.php(1145): CFilter->filter(Object(CFilterChain))
#4 C:\UwAmp\www\EMSystem\framework\web\filters\CInlineFilter.php(58): CController->filterAccessControl(Object(CFilterChain))
#5 C:\UwAmp\www\EMSystem\framework\web\filters\CFilterChain.php(130): CInlineFilter->filter(Object(CFilterChain))
#6 C:\UwAmp\www\EMSystem\framework\web\CController.php(291): CFilterChain->run()
#7 C:\UwAmp\www\EMSystem\framework\web\CController.php(265): CController->runActionWithFilters(Object(CInlineAction), Array)
#8 C:\UwAmp\www\EMSystem\framework\web\CWebApplication.php(282): CController->run('view')
#9 C:\UwAmp\www\EMSystem\framework\web\CWebApplication.php(141): CWebApplication->runController('orders/view/abo...')
#10 C:\UwAmp\www\EMSystem\framework\base\CApplication.php(180): CWebApplication->processRequest()
#11 C:\UwAmp\www\orderapp\index.php(13): CApplication->run()
#12 {main}
REQUEST_URI=/orderapp/index.php/orders/view/about
HTTP_REFERER=http://localhost/orderapp/index.php/itemlist/view/about
---
2019/03/26 12:55:51 [error] [exception.CHttpException.400] CHttpException: Your request is invalid. in C:\UwAmp\www\EMSystem\framework\web\CController.php:336
Stack trace:
#0 C:\UwAmp\www\EMSystem\framework\web\CController.php(309): CController->invalidActionParams(Object(CInlineAction))
#1 C:\UwAmp\www\EMSystem\framework\web\filters\CFilterChain.php(133): CController->runAction(Object(CInlineAction))
#2 C:\UwAmp\www\EMSystem\framework\web\filters\CFilter.php(40): CFilterChain->run()
#3 C:\UwAmp\www\EMSystem\framework\web\CController.php(1145): CFilter->filter(Object(CFilterChain))
#4 C:\UwAmp\www\EMSystem\framework\web\filters\CInlineFilter.php(58): CController->filterAccessControl(Object(CFilterChain))
#5 C:\UwAmp\www\EMSystem\framework\web\filters\CFilterChain.php(130): CInlineFilter->filter(Object(CFilterChain))
#6 C:\UwAmp\www\EMSystem\framework\web\CController.php(291): CFilterChain->run()
#7 C:\UwAmp\www\EMSystem\framework\web\CController.php(265): CController->runActionWithFilters(Object(CInlineAction), Array)
#8 C:\UwAmp\www\EMSystem\framework\web\CWebApplication.php(282): CController->run('view')
#9 C:\UwAmp\www\EMSystem\framework\web\CWebApplication.php(141): CWebApplication->runController('orders/view/abo...')
#10 C:\UwAmp\www\EMSystem\framework\base\CApplication.php(180): CWebApplication->processRequest()
#11 C:\UwAmp\www\orderapp\index.php(13): CApplication->run()
#12 {main}
REQUEST_URI=/orderapp/index.php/orders/view/about
HTTP_REFERER=http://localhost/orderapp/index.php/itemlist/view/about
---
2019/03/26 12:55:52 [error] [exception.CHttpException.400] CHttpException: Your request is invalid. in C:\UwAmp\www\EMSystem\framework\web\CController.php:336
Stack trace:
#0 C:\UwAmp\www\EMSystem\framework\web\CController.php(309): CController->invalidActionParams(Object(CInlineAction))
#1 C:\UwAmp\www\EMSystem\framework\web\filters\CFilterChain.php(133): CController->runAction(Object(CInlineAction))
#2 C:\UwAmp\www\EMSystem\framework\web\filters\CFilter.php(40): CFilterChain->run()
#3 C:\UwAmp\www\EMSystem\framework\web\CController.php(1145): CFilter->filter(Object(CFilterChain))
#4 C:\UwAmp\www\EMSystem\framework\web\filters\CInlineFilter.php(58): CController->filterAccessControl(Object(CFilterChain))
#5 C:\UwAmp\www\EMSystem\framework\web\filters\CFilterChain.php(130): CInlineFilter->filter(Object(CFilterChain))
#6 C:\UwAmp\www\EMSystem\framework\web\CController.php(291): CFilterChain->run()
#7 C:\UwAmp\www\EMSystem\framework\web\CController.php(265): CController->runActionWithFilters(Object(CInlineAction), Array)
#8 C:\UwAmp\www\EMSystem\framework\web\CWebApplication.php(282): CController->run('view')
#9 C:\UwAmp\www\EMSystem\framework\web\CWebApplication.php(141): CWebApplication->runController('orders/view/abo...')
#10 C:\UwAmp\www\EMSystem\framework\base\CApplication.php(180): CWebApplication->processRequest()
#11 C:\UwAmp\www\orderapp\index.php(13): CApplication->run()
#12 {main}
REQUEST_URI=/orderapp/index.php/orders/view/about
HTTP_REFERER=http://localhost/orderapp/index.php/itemlist/view/about
---
2019/03/26 12:55:53 [error] [exception.CHttpException.400] CHttpException: Your request is invalid. in C:\UwAmp\www\EMSystem\framework\web\CController.php:336
Stack trace:
#0 C:\UwAmp\www\EMSystem\framework\web\CController.php(309): CController->invalidActionParams(Object(CInlineAction))
#1 C:\UwAmp\www\EMSystem\framework\web\filters\CFilterChain.php(133): CController->runAction(Object(CInlineAction))
#2 C:\UwAmp\www\EMSystem\framework\web\filters\CFilter.php(40): CFilterChain->run()
#3 C:\UwAmp\www\EMSystem\framework\web\CController.php(1145): CFilter->filter(Object(CFilterChain))
#4 C:\UwAmp\www\EMSystem\framework\web\filters\CInlineFilter.php(58): CController->filterAccessControl(Object(CFilterChain))
#5 C:\UwAmp\www\EMSystem\framework\web\filters\CFilterChain.php(130): CInlineFilter->filter(Object(CFilterChain))
#6 C:\UwAmp\www\EMSystem\framework\web\CController.php(291): CFilterChain->run()
#7 C:\UwAmp\www\EMSystem\framework\web\CController.php(265): CController->runActionWithFilters(Object(CInlineAction), Array)
#8 C:\UwAmp\www\EMSystem\framework\web\CWebApplication.php(282): CController->run('view')
#9 C:\UwAmp\www\EMSystem\framework\web\CWebApplication.php(141): CWebApplication->runController('orders/view/abo...')
#10 C:\UwAmp\www\EMSystem\framework\base\CApplication.php(180): CWebApplication->processRequest()
#11 C:\UwAmp\www\orderapp\index.php(13): CApplication->run()
#12 {main}
REQUEST_URI=/orderapp/index.php/orders/view/about
HTTP_REFERER=http://localhost/orderapp/index.php/itemlist/view/about
---
2019/03/26 12:55:55 [error] [exception.CHttpException.400] CHttpException: Your request is invalid. in C:\UwAmp\www\EMSystem\framework\web\CController.php:336
Stack trace:
#0 C:\UwAmp\www\EMSystem\framework\web\CController.php(309): CController->invalidActionParams(Object(CInlineAction))
#1 C:\UwAmp\www\EMSystem\framework\web\filters\CFilterChain.php(133): CController->runAction(Object(CInlineAction))
#2 C:\UwAmp\www\EMSystem\framework\web\filters\CFilter.php(40): CFilterChain->run()
#3 C:\UwAmp\www\EMSystem\framework\web\CController.php(1145): CFilter->filter(Object(CFilterChain))
#4 C:\UwAmp\www\EMSystem\framework\web\filters\CInlineFilter.php(58): CController->filterAccessControl(Object(CFilterChain))
#5 C:\UwAmp\www\EMSystem\framework\web\filters\CFilterChain.php(130): CInlineFilter->filter(Object(CFilterChain))
#6 C:\UwAmp\www\EMSystem\framework\web\CController.php(291): CFilterChain->run()
#7 C:\UwAmp\www\EMSystem\framework\web\CController.php(265): CController->runActionWithFilters(Object(CInlineAction), Array)
#8 C:\UwAmp\www\EMSystem\framework\web\CWebApplication.php(282): CController->run('view')
#9 C:\UwAmp\www\EMSystem\framework\web\CWebApplication.php(141): CWebApplication->runController('itemlist/view/a...')
#10 C:\UwAmp\www\EMSystem\framework\base\CApplication.php(180): CWebApplication->processRequest()
#11 C:\UwAmp\www\orderapp\index.php(13): CApplication->run()
#12 {main}
REQUEST_URI=/orderapp/index.php/itemlist/view/about
HTTP_REFERER=http://localhost/orderapp/index.php/orders/view/about
---
2019/03/26 12:55:58 [error] [exception.CHttpException.400] CHttpException: Your request is invalid. in C:\UwAmp\www\EMSystem\framework\web\CController.php:336
Stack trace:
#0 C:\UwAmp\www\EMSystem\framework\web\CController.php(309): CController->invalidActionParams(Object(CInlineAction))
#1 C:\UwAmp\www\EMSystem\framework\web\filters\CFilterChain.php(133): CController->runAction(Object(CInlineAction))
#2 C:\UwAmp\www\EMSystem\framework\web\filters\CFilter.php(40): CFilterChain->run()
#3 C:\UwAmp\www\EMSystem\framework\web\CController.php(1145): CFilter->filter(Object(CFilterChain))
#4 C:\UwAmp\www\EMSystem\framework\web\filters\CInlineFilter.php(58): CController->filterAccessControl(Object(CFilterChain))
#5 C:\UwAmp\www\EMSystem\framework\web\filters\CFilterChain.php(130): CInlineFilter->filter(Object(CFilterChain))
#6 C:\UwAmp\www\EMSystem\framework\web\CController.php(291): CFilterChain->run()
#7 C:\UwAmp\www\EMSystem\framework\web\CController.php(265): CController->runActionWithFilters(Object(CInlineAction), Array)
#8 C:\UwAmp\www\EMSystem\framework\web\CWebApplication.php(282): CController->run('view')
#9 C:\UwAmp\www\EMSystem\framework\web\CWebApplication.php(141): CWebApplication->runController('orders/view/adm...')
#10 C:\UwAmp\www\EMSystem\framework\base\CApplication.php(180): CWebApplication->processRequest()
#11 C:\UwAmp\www\orderapp\index.php(13): CApplication->run()
#12 {main}
REQUEST_URI=/orderapp/index.php/orders/view/admin
HTTP_REFERER=http://localhost/orderapp/index.php/site/index
---
2019/03/26 12:56:54 [error] [exception.CHttpException.400] CHttpException: Your request is invalid. in C:\UwAmp\www\EMSystem\framework\web\CController.php:336
Stack trace:
#0 C:\UwAmp\www\EMSystem\framework\web\CController.php(309): CController->invalidActionParams(Object(CInlineAction))
#1 C:\UwAmp\www\EMSystem\framework\web\filters\CFilterChain.php(133): CController->runAction(Object(CInlineAction))
#2 C:\UwAmp\www\EMSystem\framework\web\filters\CFilter.php(40): CFilterChain->run()
#3 C:\UwAmp\www\EMSystem\framework\web\CController.php(1145): CFilter->filter(Object(CFilterChain))
#4 C:\UwAmp\www\EMSystem\framework\web\filters\CInlineFilter.php(58): CController->filterAccessControl(Object(CFilterChain))
#5 C:\UwAmp\www\EMSystem\framework\web\filters\CFilterChain.php(130): CInlineFilter->filter(Object(CFilterChain))
#6 C:\UwAmp\www\EMSystem\framework\web\CController.php(291): CFilterChain->run()
#7 C:\UwAmp\www\EMSystem\framework\web\CController.php(265): CController->runActionWithFilters(Object(CInlineAction), Array)
#8 C:\UwAmp\www\EMSystem\framework\web\CWebApplication.php(282): CController->run('view')
#9 C:\UwAmp\www\EMSystem\framework\web\CWebApplication.php(141): CWebApplication->runController('orders/view/adm...')
#10 C:\UwAmp\www\EMSystem\framework\base\CApplication.php(180): CWebApplication->processRequest()
#11 C:\UwAmp\www\orderapp\index.php(13): CApplication->run()
#12 {main}
REQUEST_URI=/orderapp/index.php/orders/view/admin
HTTP_REFERER=http://localhost/orderapp/index.php/site/index
---
